This is LuaHBTeX, Version 1.17.0 (TeX Live 2023/Arch Linux)  (format=lualatex 2023.5.21)  3 JUN 2023 19:11
 restricted system commands enabled.
**document.tex
(./document.tex
LaTeX2e <2022-11-01> patch level 1
Lua module: luaotfload 2022-10-03 3.23 Lua based OpenType font support
Lua module: lualibs 2022-10-04 2.75 ConTeXt Lua standard libraries.
Lua module: lualibs-extended 2022-10-04 2.75 ConTeXt Lua libraries -- extended c
ollection.
luaotfload | conf : Root cache directory is "/home/linux/.texlive/texmf-var/luat
ex-cache/generic/names".
luaotfload | init : Loading fontloader "fontloader-2022-10-03.lua" from kpse-res
olved path "/usr/share/texmf-dist/tex/luatex/luaotfload/fontloader-2022-10-03.lu
a".
Lua-only attribute luaotfload@noligature = 1
luaotfload | init : Context OpenType loader version 3.120
Inserting `luaotfload.node_processor' in `pre_linebreak_filter'.
Inserting `luaotfload.node_processor' in `hpack_filter'.
Inserting `luaotfload.glyph_stream' in `glyph_stream_provider'.
Inserting `luaotfload.define_font' in `define_font'.
Lua-only attribute luaotfload_color_attribute = 2
luaotfload | conf : Root cache directory is "/home/linux/.texlive/texmf-var/luat
ex-cache/generic/names".
Inserting `luaotfload.harf.strip_prefix' in `find_opentype_file'.
Inserting `luaotfload.harf.strip_prefix' in `find_truetype_file'.
Removing  `luaotfload.glyph_stream' from `glyph_stream_provider'.
Inserting `luaotfload.harf.glyphstream' in `glyph_stream_provider'.
Inserting `luaotfload.harf.finalize_vlist' in `post_linebreak_filter'.
Inserting `luaotfload.harf.finalize_hlist' in `hpack_filter'.
Inserting `luaotfload.cleanup_files' in `wrapup_run'.
Inserting `luaotfload.harf.finalize_unicode' in `finish_pdffile'.
Inserting `luaotfload.glyphinfo' in `glyph_info'.
Lua-only attribute luaotfload.letterspace_done = 3
Inserting `luaotfload.aux.set_sscale_dimens' in `luaotfload.patch_font'.
Inserting `luaotfload.aux.set_font_index' in `luaotfload.patch_font'.
Inserting `luaotfload.aux.patch_cambria_domh' in `luaotfload.patch_font'.
Inserting `luaotfload.aux.fixup_fontdata' in `luaotfload.patch_font_unsafe'.
Inserting `luaotfload.aux.set_capheight' in `luaotfload.patch_font'.
Inserting `luaotfload.aux.set_xheight' in `luaotfload.patch_font'.
Inserting `luaotfload.rewrite_fontname' in `luaotfload.patch_font'. L3 programm
ing layer <2023-02-22>
Inserting `tracingstacklevels' in `input_level_string'.
(/usr/share/texmf-dist/tex/latex/base/report.cls
Document Class: report 2022/07/02 v1.4n Standard LaTeX document class
(/usr/share/texmf-dist/tex/latex/base/size11.clo
File: size11.clo 2022/07/02 v1.4n Standard LaTeX file (size option)
luaotfload | db : Font names database loaded from /home/linux/.texlive/texmf-var
/luatex-cache/generic/names/luaotfload-names.luc.gz)
\c@part=\count183
\c@chapter=\count184
\c@section=\count185
\c@subsection=\count186
\c@subsubsection=\count187
\c@paragraph=\count188
\c@subparagraph=\count189
\c@figure=\count190
\c@table=\count191
\abovecaptionskip=\skip48
\belowcaptionskip=\skip49
\bibindent=\dimen139
)
(/usr/share/texmf-dist/tex/latex/geometry/geometry.sty
Package: geometry 2020/01/02 v5.9 Page Geometry

(/usr/share/texmf-dist/tex/latex/graphics/keyval.sty
Package: keyval 2022/05/29 v1.15 key=value parser (DPC)
\KV@toks@=\toks16
)
(/usr/share/texmf-dist/tex/generic/iftex/ifvtex.sty
Package: ifvtex 2019/10/25 v1.7 ifvtex legacy package. Use iftex instead.

(/usr/share/texmf-dist/tex/generic/iftex/iftex.sty
Package: iftex 2022/02/03 v1.0f TeX engine tests
))
\Gm@cnth=\count192
\Gm@cntv=\count193
\c@Gm@tempcnt=\count194
\Gm@bindingoffset=\dimen140
\Gm@wd@mp=\dimen141
\Gm@odd@mp=\dimen142
\Gm@even@mp=\dimen143
\Gm@layoutwidth=\dimen144
\Gm@layoutheight=\dimen145
\Gm@layouthoffset=\dimen146
\Gm@layoutvoffset=\dimen147
\Gm@dimlist=\toks17
)
(/usr/share/texmf-dist/tex/latex/graphics/graphicx.sty
Package: graphicx 2021/09/16 v1.2d Enhanced LaTeX Graphics (DPC,SPQR)

(/usr/share/texmf-dist/tex/latex/graphics/graphics.sty
Package: graphics 2022/03/10 v1.4e Standard LaTeX Graphics (DPC,SPQR)

(/usr/share/texmf-dist/tex/latex/graphics/trig.sty
Package: trig 2021/08/11 v1.11 sin cos tan (DPC)
)
(/usr/share/texmf-dist/tex/latex/graphics-cfg/graphics.cfg
File: graphics.cfg 2016/06/04 v1.11 sample graphics configuration
)
Package graphics Info: Driver file: luatex.def on input line 107.

(/usr/share/texmf-dist/tex/latex/graphics-def/luatex.def
File: luatex.def 2022/09/22 v1.2d Graphics/color driver for luatex
))
\Gin@req@height=\dimen148
\Gin@req@width=\dimen149
)
(/usr/share/texmf-dist/tex/latex/caption/caption.sty
Package: caption 2023/03/12 v3.6j Customizing captions (AR)

(/usr/share/texmf-dist/tex/latex/caption/caption3.sty
Package: caption3 2023/03/12 v2.4 caption3 kernel (AR)
\caption@tempdima=\dimen150
\captionmargin=\dimen151
\caption@leftmargin=\dimen152
\caption@rightmargin=\dimen153
\caption@width=\dimen154
\caption@indent=\dimen155
\caption@parindent=\dimen156
\caption@hangindent=\dimen157
Package caption Info: Standard document class detected.
)
\c@caption@flags=\count195
\c@continuedfloat=\count196
)
(/usr/share/texmf-dist/tex/latex/caption/subcaption.sty
Package: subcaption 2023/02/19 v1.6 Sub-captions (AR)
Package caption Info: New subtype `subfigure' on input line 239.
\c@subfigure=\count197
Package caption Info: New subtype `subtable' on input line 239.
\c@subtable=\count198
)
(/usr/share/texmf-dist/tex/latex/parskip/parskip.sty
Package: parskip 2021-03-14 v2.0h non-zero parskip adjustments

(/usr/share/texmf-dist/tex/latex/kvoptions/kvoptions.sty
Package: kvoptions 2022-06-15 v3.15 Key value format for package options (HO)

(/usr/share/texmf-dist/tex/generic/ltxcmds/ltxcmds.sty
Package: ltxcmds 2020-05-10 v1.25 LaTeX kernel commands for general use (HO)
)
(/usr/share/texmf-dist/tex/latex/kvsetkeys/kvsetkeys.sty
Package: kvsetkeys 2022-10-05 v1.19 Key value parser (HO)
))
(/usr/share/texmf-dist/tex/latex/etoolbox/etoolbox.sty
Package: etoolbox 2020/10/05 v2.5k e-TeX tools for LaTeX (JAW)
\etb@tempcnta=\count199
))
(/usr/share/texmf-dist/tex/latex/hyperref/hyperref.sty
Package: hyperref 2023-02-07 v7.00v Hypertext links for LaTeX

(/usr/share/texmf-dist/tex/generic/pdftexcmds/pdftexcmds.sty
Package: pdftexcmds 2020-06-27 v0.33 Utility functions of pdfTeX for LuaTeX (HO
)

(/usr/share/texmf-dist/tex/generic/infwarerr/infwarerr.sty
Package: infwarerr 2019/12/03 v1.5 Providing info/warning/error messages (HO)
)
Package pdftexcmds Info: \pdf@primitive is available.
Package pdftexcmds Info: \pdf@ifprimitive is available.
Package pdftexcmds Info: \pdfdraftmode found.
\pdftexcmds@toks=\toks18
)
(/usr/share/texmf-dist/tex/generic/kvdefinekeys/kvdefinekeys.sty
Package: kvdefinekeys 2019-12-19 v1.6 Define keys (HO)
)
(/usr/share/texmf-dist/tex/generic/pdfescape/pdfescape.sty
Package: pdfescape 2019/12/09 v1.15 Implements pdfTeX's escape features (HO)
)
(/usr/share/texmf-dist/tex/latex/hycolor/hycolor.sty
Package: hycolor 2020-01-27 v1.10 Color options for hyperref/bookmark (HO)
)
(/usr/share/texmf-dist/tex/latex/letltxmacro/letltxmacro.sty
Package: letltxmacro 2019/12/03 v1.6 Let assignment for LaTeX macros (HO)
)
(/usr/share/texmf-dist/tex/latex/auxhook/auxhook.sty
Package: auxhook 2019-12-17 v1.6 Hooks for auxiliary files (HO)
)
(/usr/share/texmf-dist/tex/latex/hyperref/nameref.sty
Package: nameref 2022-05-17 v2.50 Cross-referencing by name of section

(/usr/share/texmf-dist/tex/latex/refcount/refcount.sty
Package: refcount 2019/12/15 v3.6 Data extraction from label references (HO)
)
(/usr/share/texmf-dist/tex/generic/gettitlestring/gettitlestring.sty
Package: gettitlestring 2019/12/15 v1.6 Cleanup title references (HO)
)
\c@section@level=\count266
)
\@linkdim=\dimen158
\Hy@linkcounter=\count267
\Hy@pagecounter=\count268

(/usr/share/texmf-dist/tex/latex/hyperref/pd1enc.def
File: pd1enc.def 2023-02-07 v7.00v Hyperref: PDFDocEncoding definition (HO)
)
(/usr/share/texmf-dist/tex/generic/intcalc/intcalc.sty
Package: intcalc 2019/12/15 v1.3 Expandable calculations with integers (HO)
)
(/usr/share/texmf-dist/tex/generic/etexcmds/etexcmds.sty
Package: etexcmds 2019/12/15 v1.7 Avoid name clashes with e-TeX commands (HO)
)
\Hy@SavedSpaceFactor=\count269

(/usr/share/texmf-dist/tex/latex/hyperref/puenc.def
File: puenc.def 2023-02-07 v7.00v Hyperref: PDF Unicode definition (HO)
)
Package hyperref Info: Hyper figures OFF on input line 4177.
Package hyperref Info: Link nesting OFF on input line 4182.
Package hyperref Info: Hyper index ON on input line 4185.
Package hyperref Info: Plain pages OFF on input line 4192.
Package hyperref Info: Backreferencing OFF on input line 4197.
Package hyperref Info: Implicit mode ON; LaTeX internals redefined.
Package hyperref Info: Bookmarks ON on input line 4425.
\c@Hy@tempcnt=\count270

(/usr/share/texmf-dist/tex/latex/url/url.sty
\Urlmuskip=\muskip16
Package: url 2013/09/16  ver 3.4  Verb mode for urls, etc.
)
LaTeX Info: Redefining \url on input line 4763.
\XeTeXLinkMargin=\dimen159

(/usr/share/texmf-dist/tex/generic/bitset/bitset.sty
Package: bitset 2019/12/09 v1.3 Handle bit-vector datatype (HO)

(/usr/share/texmf-dist/tex/generic/bigintcalc/bigintcalc.sty
Package: bigintcalc 2019/12/15 v1.5 Expandable calculations on big integers (HO
)
))
\Fld@menulength=\count271
\Field@Width=\dimen160
\Fld@charsize=\dimen161
Package hyperref Info: Hyper figures OFF on input line 6042.
Package hyperref Info: Link nesting OFF on input line 6047.
Package hyperref Info: Hyper index ON on input line 6050.
Package hyperref Info: backreferencing OFF on input line 6057.
Package hyperref Info: Link coloring OFF on input line 6062.
Package hyperref Info: Link coloring with OCG OFF on input line 6067.
Package hyperref Info: PDF/A mode OFF on input line 6072.

(/usr/share/texmf-dist/tex/latex/base/atbegshi-ltx.sty
Package: atbegshi-ltx 2021/01/10 v1.0c Emulation of the original atbegshi
package with kernel methods
)
\Hy@abspage=\count272
\c@Item=\count273
\c@Hfootnote=\count274
)
Package hyperref Info: Driver (autodetected): hluatex.

(/usr/share/texmf-dist/tex/latex/hyperref/hluatex.def
File: hluatex.def 2023-02-07 v7.00v Hyperref driver for luaTeX

(/usr/share/texmf-dist/tex/generic/stringenc/stringenc.sty
Package: stringenc 2019/11/29 v1.12 Convert strings between diff. encodings (HO
)
)
(/usr/share/texmf-dist/tex/latex/base/atveryend-ltx.sty
Package: atveryend-ltx 2020/08/19 v1.0a Emulation of the original atveryend pac
kage
with kernel methods
)
\Fld@listcount=\count275
\c@bookmark@seq@number=\count276

(/usr/share/texmf-dist/tex/latex/rerunfilecheck/rerunfilecheck.sty
Package: rerunfilecheck 2022-07-10 v1.10 Rerun checks for auxiliary files (HO)

(/usr/share/texmf-dist/tex/generic/uniquecounter/uniquecounter.sty
Package: uniquecounter 2019/12/15 v1.4 Provide unlimited unique counter (HO)
)
Package uniquecounter Info: New unique counter `rerunfilecheck' on input line 2
85.
)
\Hy@SectionHShift=\skip50
)
(/usr/share/texmf-dist/tex/latex/bookmark/bookmark.sty
Package: bookmark 2020-11-06 v1.29 PDF bookmarks (HO)

(/usr/share/texmf-dist/tex/latex/bookmark/bkm-pdftex.def
File: bkm-pdftex.def 2020-11-06 v1.29 bookmark driver for pdfTeX (HO)
\BKM@id=\count277
))
(/usr/share/texmf-dist/tex/latex/cite/cite.sty
LaTeX Info: Redefining \cite on input line 302.
LaTeX Info: Redefining \nocite on input line 332.
Package: cite 2015/02/27  v 5.5
)
(/usr/share/texmf-dist/tex/latex/float/float.sty
Package: float 2001/11/08 v1.3d Float enhancements (AL)
\c@float@type=\count278
\float@exts=\toks19
\float@box=\box51
\@float@everytoks=\toks20
\@floatcapt=\box52
)
(/usr/share/texmf-dist/tex/latex/titlesec/titlesec.sty
Package: titlesec 2021/07/05 v2.14 Sectioning titles
\ttl@box=\box53
\beforetitleunit=\skip51
\aftertitleunit=\skip52
\ttl@plus=\dimen162
\ttl@minus=\dimen163
\ttl@toksa=\toks21
\titlewidth=\dimen164
\titlewidthlast=\dimen165
\titlewidthfirst=\dimen166
)
(/usr/share/texmf-dist/tex/latex/fontspec/fontspec.sty
(/usr/share/texmf-dist/tex/latex/l3packages/xparse/xparse.sty
(/usr/share/texmf-dist/tex/latex/l3kernel/expl3.sty
Package: expl3 2023-02-22 L3 programming layer (loader) 

(/usr/share/texmf-dist/tex/latex/l3backend/l3backend-luatex.def
File: l3backend-luatex.def 2023-01-16 L3 backend support: PDF output (LuaTeX)
\l__color_backend_stack_int=\count279
\l__pdf_internal_box=\box54
))
Package: xparse 2023-02-02 L3 Experimental document command parser
)
Package: fontspec 2022/01/15 v2.8a Font selection for XeLaTeX and LuaLaTeX
Lua module: fontspec 2022/01/15 2.8a Font selection for XeLaTeX and LuaLaTeX
(/usr/share/texmf-dist/tex/latex/fontspec/fontspec-luatex.sty
Package: fontspec-luatex 2022/01/15 v2.8a Font selection for XeLaTeX and LuaLaT
eX
\l__fontspec_script_int=\count280
\l__fontspec_language_int=\count281
\l__fontspec_strnum_int=\count282
\l__fontspec_tmp_int=\count283
\l__fontspec_tmpa_int=\count284
\l__fontspec_tmpb_int=\count285
\l__fontspec_tmpc_int=\count286
\l__fontspec_em_int=\count287
\l__fontspec_emdef_int=\count288
\l__fontspec_strong_int=\count289
\l__fontspec_strongdef_int=\count290
\l__fontspec_tmpa_dim=\dimen167
\l__fontspec_tmpb_dim=\dimen168
\l__fontspec_tmpc_dim=\dimen169

(/usr/share/texmf-dist/tex/latex/base/fontenc.sty
Package: fontenc 2021/04/29 v2.0v Standard LaTeX package
)
(/usr/share/texmf-dist/tex/latex/fontspec/fontspec.cfg)))
luaotfload | cache : Lookup cache loaded from /home/linux/.texlive/texmf-var/lua
tex-cache/generic/names/luaotfload-lookup-cache.luc.

Package fontspec Info: Font family 'Roboto(0)' created for font 'Roboto' with
(fontspec)             options [Ligatures=TeX].
(fontspec)              
(fontspec)              This font family consists of the following NFSS
(fontspec)             series/shapes:
(fontspec)              
(fontspec)             - 'normal' (m/n) with NFSS spec.:
(fontspec)             <->"Roboto:mode=node;script=latn;language=dflt;+tlig;"
(fontspec)             - 'small caps'  (m/sc) with NFSS spec.:
(fontspec)             <->"Roboto:mode=node;script=latn;language=dflt;+tlig;+sm
cp;"
(fontspec)             - 'bold' (b/n) with NFSS spec.:
(fontspec)             <->"Roboto/B:mode=node;script=latn;language=dflt;+tlig;"

(fontspec)             - 'bold small caps'  (b/sc) with NFSS spec.:
(fontspec)             <->"Roboto/B:mode=node;script=latn;language=dflt;+tlig;+
smcp;"
(fontspec)             - 'italic' (m/it) with NFSS spec.:
(fontspec)             <->"Roboto/I:mode=node;script=latn;language=dflt;+tlig;"

(fontspec)             - 'italic small caps'  (m/scit) with NFSS spec.:
(fontspec)             <->"Roboto/I:mode=node;script=latn;language=dflt;+tlig;+
smcp;"
(fontspec)             - 'bold italic' (b/it) with NFSS spec.:
(fontspec)             <->"Roboto/BI:mode=node;script=latn;language=dflt;+tlig;
"
(fontspec)             - 'bold italic small caps'  (b/scit) with NFSS spec.:
(fontspec)             <->"Roboto/BI:mode=node;script=latn;language=dflt;+tlig;
+smcp;"


Package fontspec Info: Font family 'Roboto(1)' created for font 'Roboto' with
(fontspec)             options [].
(fontspec)              
(fontspec)              This font family consists of the following NFSS
(fontspec)             series/shapes:
(fontspec)              
(fontspec)             - 'normal' (m/n) with NFSS spec.:
(fontspec)             <->"Roboto:mode=node;script=latn;language=dflt;"
(fontspec)             - 'small caps'  (m/sc) with NFSS spec.:
(fontspec)             <->"Roboto:mode=node;script=latn;language=dflt;+smcp;"
(fontspec)             - 'bold' (b/n) with NFSS spec.:
(fontspec)             <->"Roboto/B:mode=node;script=latn;language=dflt;"
(fontspec)             - 'bold small caps'  (b/sc) with NFSS spec.:
(fontspec)             <->"Roboto/B:mode=node;script=latn;language=dflt;+smcp;"

(fontspec)             - 'italic' (m/it) with NFSS spec.:
(fontspec)             <->"Roboto/I:mode=node;script=latn;language=dflt;"
(fontspec)             - 'italic small caps'  (m/scit) with NFSS spec.:
(fontspec)             <->"Roboto/I:mode=node;script=latn;language=dflt;+smcp;"

(fontspec)             - 'bold italic' (b/it) with NFSS spec.:
(fontspec)             <->"Roboto/BI:mode=node;script=latn;language=dflt;"
(fontspec)             - 'bold italic small caps'  (b/scit) with NFSS spec.:
(fontspec)             <->"Roboto/BI:mode=node;script=latn;language=dflt;+smcp;
"


(/usr/share/texmf-dist/tex/latex/polyglossia/polyglossia.sty
Package: polyglossia 2023/02/11 v1.60 Modern multilingual typesetting with XeLa
TeX and LuaLaTeX

(/usr/share/texmf-dist/tex/latex/makecmds/makecmds.sty
Package: makecmds 2009/09/03 v1.0a extra command making commands
)
(/usr/share/texmf-dist/tex/latex/xkeyval/xkeyval.sty
Package: xkeyval 2022/06/16 v2.9 package option processing (HA)

(/usr/share/texmf-dist/tex/generic/xkeyval/xkeyval.tex
(/usr/share/texmf-dist/tex/generic/xkeyval/xkvutils.tex
\XKV@toks=\toks22
\XKV@tempa@toks=\toks23
)
\XKV@depth=\count291
File: xkeyval.tex 2014/12/03 v2.7a key=value parser (HA)
))
(/usr/share/texmf-dist/tex/latex/l3packages/l3keys2e/l3keys2e.sty
Package: l3keys2e 2023-02-02 LaTeX2e option processing using LaTeX3 keys
)
(/usr/share/texmf-dist/tex/luatex/luatexbase/luatexbase.sty
Package: luatexbase 2015/10/04 v1.3 luatexbase interface to LuaTeX 

(/usr/share/texmf-dist/tex/luatex/ctablestack/ctablestack.sty
Package: ctablestack 2015/10/01 v1.0 Catcode table stable support
\@catcodetablestackcnt=\count292
)
\CatcodeTableOther=\catcodetable12
\CatcodeTableExpl=\catcodetable13
)
Lua module: polyglossia 2013/05/11 1.3 Polyglossia
(/usr/share/texmf-dist/tex/latex/polyglossia/gloss-latex.lde
Package: gloss-latex 2023/02/11 vv1.60 polyglossia: module for default language

The property list \polyglossia@langsetup contains the pairs (without outer
braces):
>  {latex/script}  =>  {latin}
>  {latex/lcscript}  =>  {latin}
>  {latex/scripttag}  =>  {}
>  {latex/language}  =>  {Latex}
>  {latex/langtag}  =>  {ENG}
>  {latex/bcp47}  =>  {}
>  {latex/hyphennames}  =>  {english}
>  {latex/direction}  =>  {LR}
>  {latex/hyphenmins}  =>  {2,3}
>  {latex/frenchspacing}  =>  {false}
>  {latex/indentfirst}  =>  {false}
>  {latex/fontsetup}  =>  {true}
>  {latex/envname}  =>  {latex}
>  {latex/babelname}  =>  {latex}
>  {latex/localnumeral}  =>  {polyglossia@C@localnumeral}
>  {latex/Localnumeral}  =>  {polyglossia@C@localnumeral}
>  {latex/DefineCommandsCmd}  =>  {use_none:n}.
)
Package polyglossia Info: Default language is latex.
Package polyglossia Info: Setting LuaTeX font renderer to Harfbuzz.
)
(/usr/share/texmf-dist/tex/latex/polyglossia/gloss-greek.ldf
File: gloss-greek.ldf polyglossia: module for Greek
The property list \polyglossia@langsetup contains the pairs (without outer
braces):
>  {latex/script}  =>  {latin}
>  {latex/lcscript}  =>  {latin}
>  {latex/scripttag}  =>  {}
>  {latex/language}  =>  {Latex}
>  {latex/langtag}  =>  {ENG}
>  {latex/bcp47}  =>  {}
>  {latex/hyphennames}  =>  {english}
>  {latex/direction}  =>  {LR}
>  {latex/hyphenmins}  =>  {2,3}
>  {latex/frenchspacing}  =>  {false}
>  {latex/indentfirst}  =>  {false}
>  {latex/fontsetup}  =>  {true}
>  {latex/envname}  =>  {latex}
>  {latex/babelname}  =>  {latex}
>  {latex/localnumeral}  =>  {polyglossia@C@localnumeral}
>  {latex/Localnumeral}  =>  {polyglossia@C@localnumeral}
>  {latex/DefineCommandsCmd}  =>  {use_none:n}
>  {greek/script}  =>  {Greek}
>  {greek/lcscript}  =>  {greek}
>  {greek/scripttag}  =>  {grek}
>  {greek/language}  =>  {Greek}
>  {greek/langtag}  =>  {ELL}
>  {greek/bcp47}  =>  {el-monoton}
>  {greek/hyphennames}  =>  {}
>  {greek/direction}  =>  {LR}
>  {greek/hyphenmins}  =>  {2,3}
>  {greek/frenchspacing}  =>  {true}
>  {greek/indentfirst}  =>  {true}
>  {greek/fontsetup}  =>  {true}
>  {greek/envname}  =>  {greek}
>  {greek/babelname}  =>  {greek}
>  {greek/localnumeral}  =>  {greeknumerals}
>  {greek/Localnumeral}  =>  {Greeknumerals}
>  {greek/DefineCommandsCmd}  =>  {xpg_define_language_commands:e}.
Module polyglossia Info: Language data for greek
(polyglossia)            loader	loadhyph-el-polyton.tex
(polyglossia)            patterns	hyph-el-polyton.pat.txt
(polyglossia)            synonyms	polygreek
(polyglossia)            hyphenation	
(polyglossia)            righthyphenmin	1
(polyglossia)            lefthyphenmin	1 on input line 16
Module polyglossia Info: Language greek was not yet loaded; created with id 2 on
 input line 16

(/usr/share/texmf-dist/tex/latex/polyglossia/xgreek-fixes.def)
Module polyglossia Info: Language data for monogreek
(polyglossia)            loader	loadhyph-el-monoton.tex
(polyglossia)            patterns	hyph-el-monoton.pat.txt
(polyglossia)            synonyms	
(polyglossia)            hyphenation	
(polyglossia)            righthyphenmin	1
(polyglossia)            lefthyphenmin	1 on input line 99
Module polyglossia Info: Language monogreek was not yet loaded; created with id 
3 on input line 99
Package polyglossia Info: Option: Monotonic Greek.
\@attic@num=\count293
)
Package polyglossia Info: Default language is greek.

(/usr/share/texmf-dist/tex/latex/polyglossia/gloss-english.ldf
File: gloss-english.ldf polyglossia: module for English
The property list \polyglossia@langsetup contains the pairs (without outer
braces):
>  {latex/script}  =>  {latin}
>  {latex/lcscript}  =>  {latin}
>  {latex/scripttag}  =>  {}
>  {latex/language}  =>  {Latex}
>  {latex/langtag}  =>  {ENG}
>  {latex/bcp47}  =>  {}
>  {latex/hyphennames}  =>  {english}
>  {latex/direction}  =>  {LR}
>  {latex/hyphenmins}  =>  {2,3}
>  {latex/frenchspacing}  =>  {false}
>  {latex/indentfirst}  =>  {false}
>  {latex/fontsetup}  =>  {true}
>  {latex/envname}  =>  {latex}
>  {latex/babelname}  =>  {latex}
>  {latex/localnumeral}  =>  {polyglossia@C@localnumeral}
>  {latex/Localnumeral}  =>  {polyglossia@C@localnumeral}
>  {latex/DefineCommandsCmd}  =>  {use_none:n}
>  {greek/script}  =>  {Greek}
>  {greek/lcscript}  =>  {greek}
>  {greek/scripttag}  =>  {grek}
>  {greek/language}  =>  {Greek}
>  {greek/langtag}  =>  {ELL}
>  {greek/bcp47}  =>  {el-monoton}
>  {greek/hyphennames}  =>  {}
>  {greek/direction}  =>  {LR}
>  {greek/hyphenmins}  =>  {2,3}
>  {greek/frenchspacing}  =>  {true}
>  {greek/indentfirst}  =>  {true}
>  {greek/fontsetup}  =>  {true}
>  {greek/envname}  =>  {greek}
>  {greek/babelname}  =>  {greek}
>  {greek/localnumeral}  =>  {greeknumerals}
>  {greek/Localnumeral}  =>  {Greeknumerals}
>  {greek/DefineCommandsCmd}  =>  {xpg_define_language_commands:e}
>  {english/script}  =>  {latin}
>  {english/lcscript}  =>  {latin}
>  {english/scripttag}  =>  {}
>  {english/language}  =>  {English}
>  {english/langtag}  =>  {ENG}
>  {english/bcp47}  =>  {en-US}
>  {english/hyphennames}  =>  {english,american,usenglish,USenglish}
>  {english/direction}  =>  {LR}
>  {english/hyphenmins}  =>  {2,3}
>  {english/frenchspacing}  =>  {false}
>  {english/indentfirst}  =>  {false}
>  {english/fontsetup}  =>  {true}
>  {english/envname}  =>  {english}
>  {english/babelname}  =>  {english}
>  {english/localnumeral}  =>  {polyglossia@C@localnumeral}
>  {english/Localnumeral}  =>  {polyglossia@C@localnumeral}
>  {english/DefineCommandsCmd}  =>  {xpg_define_language_commands:e}.
Package polyglossia Info: Option: English, variant=american.
)
(/usr/share/texmf-dist/tex/latex/fancyhdr/fancyhdr.sty
Package: fancyhdr 2022/11/09 v4.1 Extensive control of page headers and footers

\f@nch@headwidth=\skip53
\f@nch@O@elh=\skip54
\f@nch@O@erh=\skip55
\f@nch@O@olh=\skip56
\f@nch@O@orh=\skip57
\f@nch@O@elf=\skip58
\f@nch@O@erf=\skip59
\f@nch@O@olf=\skip60
\f@nch@O@orf=\skip61
)
(/usr/share/texmf-dist/tex/latex/listings/listings.sty
\lst@mode=\count294
\lst@gtempboxa=\box55
\lst@token=\toks24
\lst@length=\count295
\lst@currlwidth=\dimen170
\lst@column=\count296
\lst@pos=\count297
\lst@lostspace=\dimen171
\lst@width=\dimen172
\lst@newlines=\count298
\lst@lineno=\count299
\lst@maxwidth=\dimen173

(/usr/share/texmf-dist/tex/latex/listings/lstmisc.sty
File: lstmisc.sty 2023/02/27 1.9 (Carsten Heinz)
\c@lstnumber=\count300
\lst@skipnumbers=\count301
\lst@framebox=\box56
)
(/usr/share/texmf-dist/tex/latex/listings/listings.cfg
File: listings.cfg 2023/02/27 1.9 listings configuration
))
Package: listings 2023/02/27 1.9 (Carsten Heinz)

(/usr/share/texmf-dist/tex/latex/pythonhighlight/pythonhighlight.sty
Package: pythonhighlight 2017/02/09 python code highlighting; provided by Olivi
er Verdier <olivier.verdier@gmail.com>

(/usr/share/texmf-dist/tex/latex/xcolor/xcolor.sty
Package: xcolor 2022/06/12 v2.14 LaTeX color extensions (UK)

(/usr/share/texmf-dist/tex/latex/graphics-cfg/color.cfg
File: color.cfg 2016/01/02 v1.6 sample color configuration
)
Package xcolor Info: Driver file: luatex.def on input line 227.

(/usr/share/texmf-dist/tex/latex/graphics/mathcolor.ltx)
Package xcolor Info: Model `cmy' substituted by `cmy0' on input line 1353.
Package xcolor Info: Model `hsb' substituted by `rgb' on input line 1357.
Package xcolor Info: Model `RGB' extended on input line 1369.
Package xcolor Info: Model `HTML' substituted by `rgb' on input line 1371.
Package xcolor Info: Model `Hsb' substituted by `hsb' on input line 1372.
Package xcolor Info: Model `tHsb' substituted by `hsb' on input line 1373.
Package xcolor Info: Model `HSB' substituted by `hsb' on input line 1374.
Package xcolor Info: Model `Gray' substituted by `gray' on input line 1375.
Package xcolor Info: Model `wave' substituted by `hsb' on input line 1376.
))
(/usr/share/texmf-dist/tex/latex/tools/afterpage.sty
Package: afterpage 2014/10/28 v1.08 After-Page Package (DPC)
\AP@output=\toks25
\AP@partial=\box57
\AP@footins=\box58
)
(/usr/share/texmf-dist/tex/latex/amsmath/amsmath.sty
Package: amsmath 2022/04/08 v2.17n AMS math features
\@mathmargin=\skip62

For additional information on amsmath, use the `?' option.
(/usr/share/texmf-dist/tex/latex/amsmath/amstext.sty
Package: amstext 2021/08/26 v2.01 AMS text

(/usr/share/texmf-dist/tex/latex/amsmath/amsgen.sty
File: amsgen.sty 1999/11/30 v2.0 generic functions
\@emptytoks=\toks26
\ex@=\dimen174
))
(/usr/share/texmf-dist/tex/latex/amsmath/amsbsy.sty
Package: amsbsy 1999/11/29 v1.2d Bold Symbols
\pmbraise@=\dimen175
)
(/usr/share/texmf-dist/tex/latex/amsmath/amsopn.sty
Package: amsopn 2022/04/08 v2.04 operator names
)
\inf@bad=\count302
LaTeX Info: Redefining \frac on input line 236.
\uproot@=\count303
\leftroot@=\count304
LaTeX Info: Redefining \overline on input line 399.
LaTeX Info: Redefining \colon on input line 410.
\classnum@=\count305
\DOTSCASE@=\count306
LaTeX Info: Redefining \ldots on input line 496.
LaTeX Info: Redefining \dots on input line 499.
LaTeX Info: Redefining \cdots on input line 620.
\Mathstrutbox@=\box59
\strutbox@=\box60
LaTeX Info: Redefining \big on input line 722.
LaTeX Info: Redefining \Big on input line 723.
LaTeX Info: Redefining \bigg on input line 724.
LaTeX Info: Redefining \Bigg on input line 725.
\big@size=\dimen176
LaTeX Font Info:    Redeclaring font encoding OML on input line 743.
LaTeX Font Info:    Redeclaring font encoding OMS on input line 744.
\macc@depth=\count307
LaTeX Info: Redefining \bmod on input line 905.
LaTeX Info: Redefining \pmod on input line 910.
LaTeX Info: Redefining \smash on input line 940.
LaTeX Info: Redefining \relbar on input line 970.
LaTeX Info: Redefining \Relbar on input line 971.
\c@MaxMatrixCols=\count308
\dotsspace@=\muskip17
\c@parentequation=\count309
\dspbrk@lvl=\count310
\tag@help=\toks27
\row@=\count311
\column@=\count312
\maxfields@=\count313
\andhelp@=\toks28
\eqnshift@=\dimen177
\alignsep@=\dimen178
\tagshift@=\dimen179
\tagwidth@=\dimen180
\totwidth@=\dimen181
\lineht@=\dimen182
\@envbody=\toks29
\multlinegap=\skip63
\multlinetaggap=\skip64
\mathdisplay@stack=\toks30
LaTeX Info: Redefining \[ on input line 2953.
LaTeX Info: Redefining \] on input line 2954.
)
(/usr/share/texmf-dist/tex/latex/unicode-math/unicode-math.sty
Package: unicode-math 2020/01/31 v0.8q Unicode maths in XeLaTeX and LuaLaTeX

(/usr/share/texmf-dist/tex/latex/unicode-math/unicode-math-luatex.sty
Package: unicode-math-luatex 2020/01/31 v0.8q Unicode maths in XeLaTeX and LuaL
aTeX

(/usr/share/texmf-dist/tex/latex/base/fix-cm.sty
Package: fix-cm 2020/11/24 v1.1t fixes to LaTeX

(/usr/share/texmf-dist/tex/latex/base/ts1enc.def
File: ts1enc.def 2001/06/05 v3.0e (jk/car/fm) Standard LaTeX file
LaTeX Font Info:    Redeclaring font encoding TS1 on input line 47.
))
(/usr/share/texmf-dist/tex/lualatex/lualatex-math/lualatex-math.sty
Package: lualatex-math 2022/01/01 v1.12 Patches for mathematics typesetting wit
h LuaLaTeX
Lua module: lualatex-math 2013/08/03 1.3 Patches for mathematics typesetting wit
h LuaLaTeX)
\g__um_fam_int=\count314
\g__um_fonts_used_int=\count315
\l__um_primecount_int=\count316
\g__um_primekern_muskip=\muskip18

(/usr/share/texmf-dist/tex/latex/unicode-math/unicode-math-table.tex)))
(/usr/share/texmf-dist/tex/latex/animate/animate.sty
Package: animate 2022/09/15 PDF & SVG animations from files and inline graphics


(/usr/share/texmf-dist/tex/latex/base/ifthen.sty
Package: ifthen 2022/04/13 v1.1d Standard LaTeX ifthen package (DPC)
)
(/usr/share/texmf-dist/tex/latex/oberdiek/ifdraft.sty
Package: ifdraft 2016/05/16 v1.4 Detect class options draft and final (HO)
)
(/usr/share/texmf-dist/tex/latex/tools/calc.sty
Package: calc 2017/05/25 v4.3 Infix arithmetic (KKT,FJ)
\calc@Acount=\count317
\calc@Bcount=\count318
\calc@Adimen=\dimen183
\calc@Bdimen=\dimen184
\calc@Askip=\skip65
\calc@Bskip=\skip66
LaTeX Info: Redefining \setlength on input line 80.
LaTeX Info: Redefining \addtolength on input line 81.
\calc@Ccount=\count319
\calc@Cskip=\skip67
)
(/usr/share/texmf-dist/tex/latex/media9/pdfbase.sty
Package: pdfbase 2022/08/04 v0.55 driver independent access to low-level PDF fe
atures
\g_pbs_page_int=\count320
\g_pbs_oc_int=\count321
)
(/usr/share/texmf-dist/tex/latex/zref/zref-abspage.sty
Package: zref-abspage 2022-04-07 v2.34 Module abspage for zref (HO)

(/usr/share/texmf-dist/tex/latex/zref/zref-base.sty
Package: zref-base 2022-04-07 v2.34 Module base for zref (HO)
Package zref Info: New property list: main on input line 767.
Package zref Info: New property: default on input line 768.
Package zref Info: New property: page on input line 769.
)
\c@abspage=\count322
Package zref Info: New property: abspage on input line 65.
)
(/usr/share/texmf-dist/tex/latex/ocgx2/ocgbase.sty
Package: ocgbase 2022/08/04 v0.22 support package for ocgx2.sty
\g_ocgbase_nd_int=\count323
)
\@anim@box=\box61
\@anim@measbox=\box62
\@anim@tmpdima=\dimen185
\@anim@tmpdimb=\dimen186
\@anim@num=\count324
\@anim@curframe=\count325
\@anim@curframe@zb=\count326
\@anim@resizeflags=\count327
\@anim@skipfram=\count328
\@anim@mulframecnt=\count329
\@anim@@tmlnfile=\read2
\@anim@tmpcnt=\count330
\c@@anim@ltxcnt=\count331
\@anim@curlayer=\count332
\@anim@lineno=\count333
\@anim@curfield=\count334
\@anim@@resizeflags=\count335
) (./document.aux
(./cover1.aux))
\openout1 = document.aux

LaTeX Font Info:    Checking defaults for OML/cmm/m/it on input line 63.
LaTeX Font Info:    ... okay on input line 63.
LaTeX Font Info:    Checking defaults for OMS/cmsy/m/n on input line 63.
LaTeX Font Info:    ... okay on input line 63.
LaTeX Font Info:    Checking defaults for OT1/cmr/m/n on input line 63.
LaTeX Font Info:    ... okay on input line 63.
LaTeX Font Info:    Checking defaults for T1/cmr/m/n on input line 63.
LaTeX Font Info:    ... okay on input line 63.
LaTeX Font Info:    Checking defaults for TS1/cmr/m/n on input line 63.
LaTeX Font Info:    ... okay on input line 63.
LaTeX Font Info:    Checking defaults for TU/lmr/m/n on input line 63.
LaTeX Font Info:    ... okay on input line 63.
LaTeX Font Info:    Checking defaults for OMX/cmex/m/n on input line 63.
LaTeX Font Info:    ... okay on input line 63.
LaTeX Font Info:    Checking defaults for U/cmr/m/n on input line 63.
LaTeX Font Info:    ... okay on input line 63.
LaTeX Font Info:    Checking defaults for PD1/pdf/m/n on input line 63.
LaTeX Font Info:    ... okay on input line 63.
LaTeX Font Info:    Checking defaults for PU/pdf/m/n on input line 63.
LaTeX Font Info:    ... okay on input line 63.

*geometry* driver: auto-detecting
*geometry* detected driver: luatex
*geometry* verbose mode - [ preamble ] result:
* driver: luatex
* paper: a4paper
* layout: <same size as paper>
* layoutoffset:(h,v)=(0.0pt,0.0pt)
* modes: twoside 
* h-part:(L,W,R)=(85.35826pt, 441.01773pt, 71.13188pt)
* v-part:(T,H,B)=(71.13188pt, 702.78308pt, 71.13188pt)
* \paperwidth=597.50787pt
* \paperheight=845.04684pt
* \textwidth=441.01773pt
* \textheight=702.78308pt
* \oddsidemargin=13.08827pt
* \evensidemargin=-1.1381pt
* \topmargin=-38.1381pt
* \headheight=12.0pt
* \headsep=25.0pt
* \topskip=11.0pt
* \footskip=30.0pt
* \marginparwidth=103.0pt
* \marginparsep=10.0pt
* \columnsep=10.0pt
* \skip\footins=10.0pt plus 4.0pt minus 2.0pt
* \hoffset=0.0pt
* \voffset=0.0pt
* \mag=1000
* \@twocolumnfalse
* \@twosidetrue
* \@mparswitchtrue
* \@reversemarginfalse
* (1in=72.27pt=25.4mm, 1cm=28.453pt)

(/usr/share/texmf-dist/tex/context/base/mkii/supp-pdf.mkii
[Loading MPS to PDF converter (version 2006.09.02).]
\scratchcounter=\count336
\scratchdimen=\dimen187
\scratchbox=\box63
\nofMPsegments=\count337
\nofMParguments=\count338
\everyMPshowfont=\toks31
\MPscratchCnt=\count339
\MPscratchDim=\dimen188
\MPnumerator=\count340
\makeMPintoPDFobject=\count341
\everyMPtoPDFconversion=\toks32
) (/usr/share/texmf-dist/tex/latex/epstopdf-pkg/epstopdf-base.sty
Package: epstopdf-base 2020-01-24 v2.11 Base part for package epstopdf
Package epstopdf-base Info: Redefining graphics rule for `.eps' on input line 4
85.

(/usr/share/texmf-dist/tex/latex/latexconfig/epstopdf-sys.cfg
File: epstopdf-sys.cfg 2010/07/13 v1.3 Configuration of (r)epstopdf for TeX Liv
e
))
Package caption Info: Begin \AtBeginDocument code.
Package caption Info: float package is loaded.
Package caption Info: hyperref package is loaded.
Package caption Info: listings package is loaded.
Package caption Info: End \AtBeginDocument code.
Package hyperref Info: Link coloring OFF on input line 63.
The property list \__xpg_alias contains the pairs (without outer braces):
>  {latex/target}  =>  {latex}
>  {greek/target}  =>  {greek}
>  {grc/target}  =>  {greek}
>  {grc/variant}  =>  {ancient}
>  {grc/options}  =>  {variant=ancient}
>  {el-polyton/target}  =>  {greek}
>  {el-polyton/options}  =>  {varant=polytonic}
>  {el-monoton/target}  =>  {greek}
>  {el-monoton/variant}  =>  {monotonic}
>  {el-monoton/options}  =>  {variant=monotonic}
>  {el/target}  =>  {greek}
>  {polutonikogreek/target}  =>  {greek}
>  {polutonikogreek/variant}  =>  {polytonic}
>  {polutonikogreek/options}  =>  {variant=polytonic}
>  {english/target}  =>  {english}
>  {en/target}  =>  {english}
>  {en-AU/target}  =>  {english}
>  {en-AU/variant}  =>  {australian}
>  {en-AU/options}  =>  {variant=australian}
>  {en-CA/target}  =>  {english}
>  {en-CA/variant}  =>  {canadian}
>  {en-CA/options}  =>  {variant=canadian}
>  {en-GB/target}  =>  {english}
>  {en-GB/variant}  =>  {british}
>  {en-GB/options}  =>  {variant=british}
>  {en-NZ/target}  =>  {english}
>  {en-NZ/variant}  =>  {newzealand}
>  {en-NZ/options}  =>  {variant=newzealand}
>  {en-US/target}  =>  {english}
>  {en-US/variant}  =>  {us}
>  {en-US/options}  =>  {variant=us}
>  {american/target}  =>  {english}
>  {american/variant}  =>  {us}
>  {american/options}  =>  {variant=us}
>  {australian/target}  =>  {english}
>  {australian/variant}  =>  {australian}
>  {australian/options}  =>  {variant=australian}
>  {british/target}  =>  {english}
>  {british/variant}  =>  {british}
>  {british/options}  =>  {variant=british}
>  {canadian/target}  =>  {english}
>  {canadian/variant}  =>  {canadian}
>  {canadian/options}  =>  {variant=canadian}
>  {newzealand/target}  =>  {english}
>  {newzealand/variant}  =>  {newzealand}
>  {newzealand/options}  =>  {variant=newzealand}.
\c@lstlisting=\count342
LaTeX Font Info:    Overwriting math alphabet `\mathrm' in version `normal'
(Font)                  OT1/cmr/m/n --> TU/Roboto(0)/m/n on input line 63.
LaTeX Font Info:    Overwriting math alphabet `\mathit' in version `normal'
(Font)                  OT1/cmr/m/it --> TU/Roboto(0)/m/it on input line 63.
LaTeX Font Info:    Overwriting math alphabet `\mathbf' in version `normal'
(Font)                  OT1/cmr/bx/n --> TU/Roboto(0)/b/n on input line 63.
LaTeX Font Info:    Overwriting math alphabet `\mathsf' in version `normal'
(Font)                  OT1/cmss/m/n --> TU/Roboto(0)/m/n on input line 63.
LaTeX Font Info:    Overwriting math alphabet `\mathsf' in version `bold'
(Font)                  OT1/cmss/bx/n --> TU/Roboto(0)/b/n on input line 63.
LaTeX Font Info:    Overwriting math alphabet `\mathtt' in version `normal'
(Font)                  OT1/cmtt/m/n --> TU/lmtt/m/n on input line 63.
LaTeX Font Info:    Overwriting math alphabet `\mathtt' in version `bold'
(Font)                  OT1/cmtt/m/n --> TU/lmtt/b/n on input line 63.

Package fontspec Info: Font family 'latinmodern-math.otf(0)' created for font
(fontspec)             'latinmodern-math.otf' with options
(fontspec)             [Renderer=Harfbuzz,Renderer=Basic,BoldItalicFont={},Ital
icFont={},SmallCapsFont={},Script=Math,FontAdjustment={\__um_luatex_copy_fontdi
mens:
(fontspec)             },BoldFont={latinmodern-math.otf}].
(fontspec)              
(fontspec)              This font family consists of the following NFSS
(fontspec)             series/shapes:
(fontspec)              
(fontspec)             - 'normal' (m/n) with NFSS spec.:
(fontspec)             <->"[latinmodern-math.otf]:mode=base;script=math;languag
e=dflt;"
(fontspec)             - 'small caps'  (m/sc) with NFSS spec.: 
(fontspec)             and font adjustment code:
(fontspec)             \__um_luatex_copy_fontdimens: 
(fontspec)             - 'bold' (b/n) with NFSS spec.:
(fontspec)             <->"[latinmodern-math.otf]:mode=base;script=math;languag
e=dflt;"
(fontspec)             - 'bold small caps'  (b/sc) with NFSS spec.: 
(fontspec)             and font adjustment code:
(fontspec)             \__um_luatex_copy_fontdimens: 


Package fontspec Info: Font family 'latinmodern-math.otf(1)' created for font
(fontspec)             'latinmodern-math.otf' with options
(fontspec)             [Renderer=Harfbuzz,Renderer=Basic,BoldItalicFont={},Ital
icFont={},SmallCapsFont={},Script=Math,SizeFeatures={{Size=9.3075-},{Size=6.57-
9.3075,Font=latinmodern-math.otf,Style=MathScript},{Size=-6.57,Font=latinmodern
-math.otf,Style=MathScriptScript}},FontAdjustment={\__um_luatex_copy_fontdimens
:
(fontspec)             },BoldFont={latinmodern-math.otf}].
(fontspec)              
(fontspec)              This font family consists of the following NFSS
(fontspec)             series/shapes:
(fontspec)              
(fontspec)             - 'normal' (m/n) with NFSS spec.:
(fontspec)             <9.3075->"[latinmodern-math.otf]:mode=base;script=math;l
anguage=dflt;"<6.57-9.3075>"[latinmodern-math.otf]:mode=base;script=math;langua
ge=dflt;+ssty=0;"<-6.57>"[latinmodern-math.otf]:mode=base;script=math;language=
dflt;+ssty=1;"
(fontspec)             - 'small caps'  (m/sc) with NFSS spec.: 
(fontspec)             and font adjustment code:
(fontspec)             \__um_luatex_copy_fontdimens: 
(fontspec)             - 'bold' (b/n) with NFSS spec.:
(fontspec)             <->"[latinmodern-math.otf]:mode=base;script=math;languag
e=dflt;"
(fontspec)             - 'bold small caps'  (b/sc) with NFSS spec.: 
(fontspec)             and font adjustment code:
(fontspec)             \__um_luatex_copy_fontdimens: 

LaTeX Font Info:    Encoding `OT1' has changed to `TU' for symbol font
(Font)              `operators' in the math version `normal' on input line 63.
LaTeX Font Info:    Overwriting symbol font `operators' in version `normal'
(Font)                  OT1/cmr/m/n --> TU/latinmodern-math.otf(1)/m/n on input
 line 63.
LaTeX Font Info:    Encoding `OT1' has changed to `TU' for symbol font
(Font)              `operators' in the math version `bold' on input line 63.
LaTeX Font Info:    Overwriting symbol font `operators' in version `bold'
(Font)                  OT1/cmr/bx/n --> TU/latinmodern-math.otf(1)/b/n on inpu
t line 63.

Package fontspec Info: latinmodern-math scale = 1.0001.


Package fontspec Info: latinmodern-math scale = 1.0001.


Package fontspec Info: latinmodern-math scale = 1.0001.


Package fontspec Info: latinmodern-math scale = 1.0001.


Package fontspec Info: latinmodern-math scale = 1.0001.


Package fontspec Info: Font family 'latinmodern-math.otf(2)' created for font
(fontspec)             'latinmodern-math.otf' with options
(fontspec)             [Renderer=Harfbuzz,Renderer=Basic,BoldItalicFont={},Ital
icFont={},SmallCapsFont={},Script=Math,SizeFeatures={{Size=9.3075-},{Size=6.57-
9.3075,Font=latinmodern-math.otf,Style=MathScript},{Size=-6.57,Font=latinmodern
-math.otf,Style=MathScriptScript}},FontAdjustment={\__um_luatex_copy_fontdimens
:
(fontspec)             },BoldFont={latinmodern-math.otf},ScaleAgain=1.0001,Font
Adjustment={\fontdimen
(fontspec)             8\font =7.41315pt\relax \fontdimen 9\font
(fontspec)             =4.31429pt\relax \fontdimen 10\font =4.86179pt\relax
(fontspec)             \fontdimen 11\font =7.51169pt\relax \fontdimen 12\font
(fontspec)             =3.77774pt\relax \fontdimen 13\font =3.97484pt\relax
(fontspec)             \fontdimen 14\font =3.97484pt\relax \fontdimen 15\font
(fontspec)             =3.16454pt\relax \fontdimen 16\font =2.70464pt\relax
(fontspec)             \fontdimen 17\font =2.70464pt\relax \fontdimen 18\font
(fontspec)             =2.73749pt\relax \fontdimen 19\font =2.18999pt\relax
(fontspec)             \fontdimen 22\font =2.73749pt\relax \fontdimen 20\font
(fontspec)             =0pt\relax \fontdimen 21\font =0pt\relax }].
(fontspec)              
(fontspec)              This font family consists of the following NFSS
(fontspec)             series/shapes:
(fontspec)              
(fontspec)             - 'normal' (m/n) with NFSS spec.:
(fontspec)             <9.3075->s*[1.0001]"[latinmodern-math.otf]:mode=base;scr
ipt=math;language=dflt;"<6.57-9.3075>s*[1.0001]"[latinmodern-math.otf]:mode=bas
e;script=math;language=dflt;+ssty=0;"<-6.57>s*[1.0001]"[latinmodern-math.otf]:m
ode=base;script=math;language=dflt;+ssty=1;"
(fontspec)             - 'small caps'  (m/sc) with NFSS spec.: 
(fontspec)             and font adjustment code:
(fontspec)             \__um_luatex_copy_fontdimens: \fontdimen 8\font
(fontspec)             =7.41315pt\relax \fontdimen 9\font =4.31429pt\relax
(fontspec)             \fontdimen 10\font =4.86179pt\relax \fontdimen 11\font
(fontspec)             =7.51169pt\relax \fontdimen 12\font =3.77774pt\relax
(fontspec)             \fontdimen 13\font =3.97484pt\relax \fontdimen 14\font
(fontspec)             =3.97484pt\relax \fontdimen 15\font =3.16454pt\relax
(fontspec)             \fontdimen 16\font =2.70464pt\relax \fontdimen 17\font
(fontspec)             =2.70464pt\relax \fontdimen 18\font =2.73749pt\relax
(fontspec)             \fontdimen 19\font =2.18999pt\relax \fontdimen 22\font
(fontspec)             =2.73749pt\relax \fontdimen 20\font =0pt\relax
(fontspec)             \fontdimen 21\font =0pt\relax 
(fontspec)             - 'bold' (b/n) with NFSS spec.:
(fontspec)             <->s*[1.0001]"[latinmodern-math.otf]:mode=base;script=ma
th;language=dflt;"
(fontspec)             - 'bold small caps'  (b/sc) with NFSS spec.: 
(fontspec)             and font adjustment code:
(fontspec)             \__um_luatex_copy_fontdimens: \fontdimen 8\font
(fontspec)             =7.41315pt\relax \fontdimen 9\font =4.31429pt\relax
(fontspec)             \fontdimen 10\font =4.86179pt\relax \fontdimen 11\font
(fontspec)             =7.51169pt\relax \fontdimen 12\font =3.77774pt\relax
(fontspec)             \fontdimen 13\font =3.97484pt\relax \fontdimen 14\font
(fontspec)             =3.97484pt\relax \fontdimen 15\font =3.16454pt\relax
(fontspec)             \fontdimen 16\font =2.70464pt\relax \fontdimen 17\font
(fontspec)             =2.70464pt\relax \fontdimen 18\font =2.73749pt\relax
(fontspec)             \fontdimen 19\font =2.18999pt\relax \fontdimen 22\font
(fontspec)             =2.73749pt\relax \fontdimen 20\font =0pt\relax
(fontspec)             \fontdimen 21\font =0pt\relax 

LaTeX Font Info:    Encoding `OMS' has changed to `TU' for symbol font
(Font)              `symbols' in the math version `normal' on input line 63.
LaTeX Font Info:    Overwriting symbol font `symbols' in version `normal'
(Font)                  OMS/cmsy/m/n --> TU/latinmodern-math.otf(2)/m/n on inpu
t line 63.
LaTeX Font Info:    Encoding `OMS' has changed to `TU' for symbol font
(Font)              `symbols' in the math version `bold' on input line 63.
LaTeX Font Info:    Overwriting symbol font `symbols' in version `bold'
(Font)                  OMS/cmsy/b/n --> TU/latinmodern-math.otf(2)/b/n on inpu
t line 63.

Package fontspec Info: latinmodern-math scale = 0.9999.


Package fontspec Info: latinmodern-math scale = 0.9999.


Package fontspec Info: latinmodern-math scale = 0.9999.


Package fontspec Info: latinmodern-math scale = 0.9999.


Package fontspec Info: latinmodern-math scale = 0.9999.


Package fontspec Info: Font family 'latinmodern-math.otf(3)' created for font
(fontspec)             'latinmodern-math.otf' with options
(fontspec)             [Renderer=Harfbuzz,Renderer=Basic,BoldItalicFont={},Ital
icFont={},SmallCapsFont={},Script=Math,SizeFeatures={{Size=9.3075-},{Size=6.57-
9.3075,Font=latinmodern-math.otf,Style=MathScript},{Size=-6.57,Font=latinmodern
-math.otf,Style=MathScriptScript}},FontAdjustment={\__um_luatex_copy_fontdimens
:
(fontspec)             },BoldFont={latinmodern-math.otf},ScaleAgain=0.9999,Font
Adjustment={\fontdimen
(fontspec)             8\font =0.43799pt\relax \fontdimen 9\font
(fontspec)             =2.18999pt\relax \fontdimen 10\font =1.82864pt\relax
(fontspec)             \fontdimen 11\font =1.21544pt\relax \fontdimen 12\font
(fontspec)             =6.56999pt\relax \fontdimen 13\font =0pt\relax }].
(fontspec)              
(fontspec)              This font family consists of the following NFSS
(fontspec)             series/shapes:
(fontspec)              
(fontspec)             - 'normal' (m/n) with NFSS spec.:
(fontspec)             <9.3075->s*[0.9999]"[latinmodern-math.otf]:mode=base;scr
ipt=math;language=dflt;"<6.57-9.3075>s*[0.9999]"[latinmodern-math.otf]:mode=bas
e;script=math;language=dflt;+ssty=0;"<-6.57>s*[0.9999]"[latinmodern-math.otf]:m
ode=base;script=math;language=dflt;+ssty=1;"
(fontspec)             - 'small caps'  (m/sc) with NFSS spec.: 
(fontspec)             and font adjustment code:
(fontspec)             \__um_luatex_copy_fontdimens: \fontdimen 8\font
(fontspec)             =0.43799pt\relax \fontdimen 9\font =2.18999pt\relax
(fontspec)             \fontdimen 10\font =1.82864pt\relax \fontdimen 11\font
(fontspec)             =1.21544pt\relax \fontdimen 12\font =6.56999pt\relax
(fontspec)             \fontdimen 13\font =0pt\relax 
(fontspec)             - 'bold' (b/n) with NFSS spec.:
(fontspec)             <->s*[0.9999]"[latinmodern-math.otf]:mode=base;script=ma
th;language=dflt;"
(fontspec)             - 'bold small caps'  (b/sc) with NFSS spec.: 
(fontspec)             and font adjustment code:
(fontspec)             \__um_luatex_copy_fontdimens: \fontdimen 8\font
(fontspec)             =0.43799pt\relax \fontdimen 9\font =2.18999pt\relax
(fontspec)             \fontdimen 10\font =1.82864pt\relax \fontdimen 11\font
(fontspec)             =1.21544pt\relax \fontdimen 12\font =6.56999pt\relax
(fontspec)             \fontdimen 13\font =0pt\relax 

LaTeX Font Info:    Encoding `OMX' has changed to `TU' for symbol font
(Font)              `largesymbols' in the math version `normal' on input line 6
3.
LaTeX Font Info:    Overwriting symbol font `largesymbols' in version `normal'
(Font)                  OMX/cmex/m/n --> TU/latinmodern-math.otf(3)/m/n on inpu
t line 63.
LaTeX Font Info:    Encoding `OMX' has changed to `TU' for symbol font
(Font)              `largesymbols' in the math version `bold' on input line 63.

LaTeX Font Info:    Overwriting symbol font `largesymbols' in version `bold'
(Font)                  OMX/cmex/m/n --> TU/latinmodern-math.otf(3)/b/n on inpu
t line 63.
LaTeX Font Info:    Font shape `TU/latinmodern-math.otf(2)/m/n' will be
(Font)              scaled to size 10.95116pt on input line 63.
LaTeX Font Info:    Font shape `TU/latinmodern-math.otf(2)/m/n' will be
(Font)              scaled to size 7.6658pt on input line 63.
LaTeX Font Info:    Font shape `TU/latinmodern-math.otf(2)/m/n' will be
(Font)              scaled to size 5.47559pt on input line 63.
LaTeX Font Info:    Font shape `TU/latinmodern-math.otf(3)/m/n' will be
(Font)              scaled to size 10.94882pt on input line 63.
LaTeX Font Info:    Font shape `TU/latinmodern-math.otf(3)/m/n' will be
(Font)              scaled to size 7.66417pt on input line 63.
LaTeX Font Info:    Font shape `TU/latinmodern-math.otf(3)/m/n' will be
(Font)              scaled to size 5.47441pt on input line 63.

\openout2 = cover1.aux
 (./cover1.tex
<Results/AUTH-01.jpg, id=4, 935.495pt x 634.37pt>
File: Results/AUTH-01.jpg Graphic file (type jpg)
<use Results/AUTH-01.jpg>
Package luatex.def Info: Results/AUTH-01.jpg  used on input line 5.
(luatex.def)             Requested size: 142.26378pt x 96.46782pt.

[1


{/var/lib/texmf/fonts/map/pdftex/updmap/pdftex.map}<./Results/AUTH-01.jpg>]
warning  (pdf backend): ignoring duplicate destination with the name 'page.1'
[1]) (./document.toc)
\tf@toc=\write3

\openout3 = document.toc


Package fancyhdr Warning: \headheight is too small (12.0pt): 
(fancyhdr)                Make it at least 13.59999pt, for example:
(fancyhdr)                \setlength{\headheight}{13.59999pt}.
(fancyhdr)                You might also make \topmargin smaller to compensate:

(fancyhdr)                \addtolength{\topmargin}{-1.59999pt}.


warning  (pdf backend): ignoring duplicate destination with the name 'page.1'
[1



] (./document.lof)
\tf@lof=\write4

\openout4 = document.lof


Package fancyhdr Warning: \headheight is too small (12.0pt): 
(fancyhdr)                Make it at least 13.59999pt, for example:
(fancyhdr)                \setlength{\headheight}{13.59999pt}.
(fancyhdr)                You might also make \topmargin smaller to compensate:

(fancyhdr)                \addtolength{\topmargin}{-1.59999pt}.

[2

] (./document.lol)
\tf@lol=\write5

\openout5 = document.lol


Package fancyhdr Warning: \headheight is too small (12.0pt): 
(fancyhdr)                Make it at least 13.59999pt, for example:
(fancyhdr)                \setlength{\headheight}{13.59999pt}.
(fancyhdr)                You might also make \topmargin smaller to compensate:

(fancyhdr)                \addtolength{\topmargin}{-1.59999pt}.

[3

]
 1.
("./chapters/Chapter 1.tex"
(/usr/share/texmf-dist/tex/latex/listings/lstlang1.sty
File: lstlang1.sty 2023/02/27 1.9 listings language file
)
Package hyperref Info: bookmark level for unknown lstlisting defaults to 0 on i
nput line 13.


Package fancyhdr Warning: \headheight is too small (12.0pt): 
(fancyhdr)                Make it at least 13.59999pt, for example:
(fancyhdr)                \setlength{\headheight}{13.59999pt}.
(fancyhdr)                You might also make \topmargin smaller to compensate:

(fancyhdr)                \addtolength{\topmargin}{-1.59999pt}.

[4

]

Package fancyhdr Warning: \headheight is too small (12.0pt): 
(fancyhdr)                Make it at least 13.59999pt, for example:
(fancyhdr)                \setlength{\headheight}{13.59999pt}.
(fancyhdr)                You might also make \topmargin smaller to compensate:

(fancyhdr)                \addtolength{\topmargin}{-1.59999pt}.

[5]

Package fancyhdr Warning: \headheight is too small (12.0pt): 
(fancyhdr)                Make it at least 13.59999pt, for example:
(fancyhdr)                \setlength{\headheight}{13.59999pt}.
(fancyhdr)                You might also make \topmargin smaller to compensate:

(fancyhdr)                \addtolength{\topmargin}{-1.59999pt}.

[6

]
Underfull \vbox (badness 10000) has occurred while \output is active []



Package fancyhdr Warning: \headheight is too small (12.0pt): 
(fancyhdr)                Make it at least 13.59999pt, for example:
(fancyhdr)                \setlength{\headheight}{13.59999pt}.
(fancyhdr)                You might also make \topmargin smaller to compensate:

(fancyhdr)                \addtolength{\topmargin}{-1.59999pt}.

[7]
Underfull \vbox (badness 10000) has occurred while \output is active []



Package fancyhdr Warning: \headheight is too small (12.0pt): 
(fancyhdr)                Make it at least 13.59999pt, for example:
(fancyhdr)                \setlength{\headheight}{13.59999pt}.
(fancyhdr)                You might also make \topmargin smaller to compensate:

(fancyhdr)                \addtolength{\topmargin}{-1.59999pt}.

[8])

Package fancyhdr Warning: \headheight is too small (12.0pt): 
(fancyhdr)                Make it at least 13.59999pt, for example:
(fancyhdr)                \setlength{\headheight}{13.59999pt}.
(fancyhdr)                You might also make \topmargin smaller to compensate:

(fancyhdr)                \addtolength{\topmargin}{-1.59999pt}.

[9]
 2.
("./chapters/Chapter 2.tex"
Overfull \hbox (12.75615pt too wide) in paragraph at lines 4--5
[]\TU/Roboto(1)/m/n/10.95 1.  -- ---
--  CNNPolicy, x- - (defaultCNNPolicy). 
 []


Overfull \hbox (83.31252pt too wide) in paragraph at lines 6--7
[]\TU/Roboto(1)/m/n/10.95 2.  -- ---
--  CNNPolicy   -  CNN -
 (customCNNPolicy). 
 []


Overfull \hbox (4.26532pt too wide) in paragraph at lines 8--9
[]\TU/Roboto(1)/m/n/10.95 3.  -- ---
--  MlpPolicy - - (defaultMlpPolicy) 
. 
 []


Overfull \hbox (67.1722pt too wide) in paragraph at lines 10--11
[]\TU/Roboto(1)/m/n/10.95 4.  -- ---
--  MlpPolixy   -  NN -
 (customMlpPolicy). 
 []

<Results/PPO_CNN/ep_length.png, id=328, 1125.45468pt x 346.29375pt>
File: Results/PPO_CNN/ep_length.png Graphic file (type png)
<use Results/PPO_CNN/ep_length.png>
Package luatex.def Info: Results/PPO_CNN/ep_length.png  used on input line 24.
(luatex.def)             Requested size: 441.01773pt x 135.69865pt.
<Results/PPO_CNN/ep_reward.png, id=329, 1134.48843pt x 351.56343pt>
File: Results/PPO_CNN/ep_reward.png Graphic file (type png)
<use Results/PPO_CNN/ep_reward.png>
Package luatex.def Info: Results/PPO_CNN/ep_reward.png  used on input line 32.
(luatex.def)             Requested size: 441.01773pt x 136.66393pt.
<Results/PPO_CNN/eval_length.png, id=330, 1138.2525pt x 363.60844pt>
File: Results/PPO_CNN/eval_length.png Graphic file (type png)
<use Results/PPO_CNN/eval_length.png>
Package luatex.def Info: Results/PPO_CNN/eval_length.png  used on input line 39
.
(luatex.def)             Requested size: 441.01773pt x 140.88016pt.
<Results/PPO_CNN/eval_reward.png, id=331, 1126.96031pt x 356.83313pt>
File: Results/PPO_CNN/eval_reward.png Graphic file (type png)
<use Results/PPO_CNN/eval_reward.png>
Package luatex.def Info: Results/PPO_CNN/eval_reward.png  used on input line 46
.
(luatex.def)             Requested size: 441.01773pt x 139.63805pt.
<Results/PPO_CNN/train_loss.png, id=332, 1125.45468pt x 361.35pt>
File: Results/PPO_CNN/train_loss.png Graphic file (type png)
<use Results/PPO_CNN/train_loss.png>
Package luatex.def Info: Results/PPO_CNN/train_loss.png  used on input line 54.

(luatex.def)             Requested size: 441.01773pt x 141.5986pt.

Package fancyhdr Warning: \headheight is too small (12.0pt): 
(fancyhdr)                Make it at least 13.59999pt, for example:
(fancyhdr)                \setlength{\headheight}{13.59999pt}.
(fancyhdr)                You might also make \topmargin smaller to compensate:

(fancyhdr)                \addtolength{\topmargin}{-1.59999pt}.

[10

<./Results/PPO_CNN/ep_length.png>]

Package fancyhdr Warning: \headheight is too small (12.0pt): 
(fancyhdr)                Make it at least 13.59999pt, for example:
(fancyhdr)                \setlength{\headheight}{13.59999pt}.
(fancyhdr)                You might also make \topmargin smaller to compensate:

(fancyhdr)                \addtolength{\topmargin}{-1.59999pt}.

[11<./Results/PPO_CNN/ep_reward.png><./Results/PPO_CNN/eval_length.png><./Result
s/PPO_CNN/eval_reward.png><./Results/PPO_CNN/train_loss.png>]
Overfull \hbox (1.92953pt too wide) in paragraph at lines 64--66
\TU/Roboto(1)/m/n/10.95  DefaultMlpPolicy.  ---
 -- ---   DefaultMlpPo
licy
 []


Overfull \hbox (8.80069pt too wide) in paragraph at lines 64--66
\TU/Roboto(1)/m/n/10.95 reverse exploration-exploitation trade-off)  defau
lt   --   episode reward
 []

<Results/PPO_MLP/ep_length.png, id=357, 1132.23pt x 356.83313pt>
File: Results/PPO_MLP/ep_length.png Graphic file (type png)
<use Results/PPO_MLP/ep_length.png>
Package luatex.def Info: Results/PPO_MLP/ep_length.png  used on input line 71.
(luatex.def)             Requested size: 441.01773pt x 138.99011pt.
<Results/PPO_MLP/ep_reward.png, id=358, 1127.71312pt x 363.60844pt>
File: Results/PPO_MLP/ep_reward.png Graphic file (type png)
<use Results/PPO_MLP/ep_reward.png>
Package luatex.def Info: Results/PPO_MLP/ep_reward.png  used on input line 79.
(luatex.def)             Requested size: 441.01773pt x 142.19508pt.
<Results/PPO_MLP/eval_length.png, id=359, 1123.19624pt x 365.11406pt>
File: Results/PPO_MLP/eval_length.png Graphic file (type png)
<use Results/PPO_MLP/eval_length.png>
Package luatex.def Info: Results/PPO_MLP/eval_length.png  used on input line 86
.
(luatex.def)             Requested size: 441.01773pt x 143.35771pt.
<Results/PPO_MLP/eval_reward.png, id=360, 1129.97156pt x 362.85562pt>
File: Results/PPO_MLP/eval_reward.png Graphic file (type png)
<use Results/PPO_MLP/eval_reward.png>
Package luatex.def Info: Results/PPO_MLP/eval_reward.png  used on input line 93
.
(luatex.def)             Requested size: 441.01773pt x 141.61832pt.
<Results/PPO_MLP/train_loss.png, id=361, 1136.74687pt x 362.10281pt>
File: Results/PPO_MLP/train_loss.png Graphic file (type png)
<use Results/PPO_MLP/train_loss.png>
Package luatex.def Info: Results/PPO_MLP/train_loss.png  used on input line 101
.
(luatex.def)             Requested size: 441.01773pt x 140.48466pt.

Package fancyhdr Warning: \headheight is too small (12.0pt): 
(fancyhdr)                Make it at least 13.59999pt, for example:
(fancyhdr)                \setlength{\headheight}{13.59999pt}.
(fancyhdr)                You might also make \topmargin smaller to compensate:

(fancyhdr)                \addtolength{\topmargin}{-1.59999pt}.

[12

<./Results/PPO_MLP/ep_length.png><./Results/PPO_MLP/ep_reward.png>]

Package fancyhdr Warning: \headheight is too small (12.0pt): 
(fancyhdr)                Make it at least 13.59999pt, for example:
(fancyhdr)                \setlength{\headheight}{13.59999pt}.
(fancyhdr)                You might also make \topmargin smaller to compensate:

(fancyhdr)                \addtolength{\topmargin}{-1.59999pt}.

[13<./Results/PPO_MLP/eval_length.png><./Results/PPO_MLP/eval_reward.png><./Resu
lts/PPO_MLP/train_loss.png>]
Overfull \hbox (12.75615pt too wide) in paragraph at lines 110--111
[]\TU/Roboto(1)/m/n/10.95 1.  -- ---
--  CNNPolicy, x- - (defaultCNNPolicy). 
 []


Overfull \hbox (83.31252pt too wide) in paragraph at lines 112--113
[]\TU/Roboto(1)/m/n/10.95 2.  -- ---
--  CNNPolicy   -  CNN -
 (customCNNPolicy). 
 []


Overfull \hbox (4.26532pt too wide) in paragraph at lines 114--115
[]\TU/Roboto(1)/m/n/10.95 3.  -- ---
--  MlpPolicy - - (defaultMlpPolicy) 
. 
 []


Overfull \hbox (67.1722pt too wide) in paragraph at lines 116--117
[]\TU/Roboto(1)/m/n/10.95 4.  -- ---
--  MlpPolixy   -  NN -
 (customMlpPolicy). 
 []


Overfull \hbox (37.75432pt too wide) in paragraph at lines 124--126
[]\TU/Roboto(1)/m/n/10.95 2.13[], []2.14[].  -- 
 --  CustomCNNPolicy     Defau
ltCNNPolicy.
 []

<Results/A2C_CNN/ep_length.png, id=384, 1118.67938pt x 373.395pt>
File: Results/A2C_CNN/ep_length.png Graphic file (type png)
<use Results/A2C_CNN/ep_length.png>
Package luatex.def Info: Results/A2C_CNN/ep_length.png  used on input line 134.

(luatex.def)             Requested size: 441.01773pt x 147.20168pt.
<Results/A2C_CNN/ep_reward.png, id=385, 1133.73563pt x 368.87813pt>
File: Results/A2C_CNN/ep_reward.png Graphic file (type png)
<use Results/A2C_CNN/ep_reward.png>
Package luatex.def Info: Results/A2C_CNN/ep_reward.png  used on input line 142.

(luatex.def)             Requested size: 441.01773pt x 143.49039pt.
<Results/A2C_CNN/eval_length.png, id=386, 1135.24126pt x 370.38374pt>
File: Results/A2C_CNN/eval_length.png Graphic file (type png)
<use Results/A2C_CNN/eval_length.png>
Package luatex.def Info: Results/A2C_CNN/eval_length.png  used on input line 14
9.
(luatex.def)             Requested size: 441.01773pt x 143.88391pt.
<Results/A2C_CNN/eval_reward.png, id=387, 1127.71312pt x 355.3275pt>
File: Results/A2C_CNN/eval_reward.png Graphic file (type png)
<use Results/A2C_CNN/eval_reward.png>
Package luatex.def Info: Results/A2C_CNN/eval_reward.png  used on input line 15
6.
(luatex.def)             Requested size: 441.01773pt x 138.95668pt.

Package fancyhdr Warning: \headheight is too small (12.0pt): 
(fancyhdr)                Make it at least 13.59999pt, for example:
(fancyhdr)                \setlength{\headheight}{13.59999pt}.
(fancyhdr)                You might also make \topmargin smaller to compensate:

(fancyhdr)                \addtolength{\topmargin}{-1.59999pt}.

[14

<./Results/A2C_CNN/ep_length.png><./Results/A2C_CNN/ep_reward.png>]

Package fancyhdr Warning: \headheight is too small (12.0pt): 
(fancyhdr)                Make it at least 13.59999pt, for example:
(fancyhdr)                \setlength{\headheight}{13.59999pt}.
(fancyhdr)                You might also make \topmargin smaller to compensate:

(fancyhdr)                \addtolength{\topmargin}{-1.59999pt}.

[15<./Results/A2C_CNN/eval_length.png><./Results/A2C_CNN/eval_reward.png>]
<Results/A2C_MLP/ep_length.png, id=408, 1127.71312pt x 366.61969pt>
File: Results/A2C_MLP/ep_length.png Graphic file (type png)
<use Results/A2C_MLP/ep_length.png>
Package luatex.def Info: Results/A2C_MLP/ep_length.png  used on input line 181.

(luatex.def)             Requested size: 441.01773pt x 143.37268pt.
<Results/A2C_MLP/ep_reward.png, id=409, 1138.2525pt x 370.38374pt>
File: Results/A2C_MLP/ep_reward.png Graphic file (type png)
<use Results/A2C_MLP/ep_reward.png>
Package luatex.def Info: Results/A2C_MLP/ep_reward.png  used on input line 189.

(luatex.def)             Requested size: 441.01773pt x 143.50525pt.
<Results/A2C_MLP/eval_length.png, id=410, 1132.98282pt x 362.10281pt>
File: Results/A2C_MLP/eval_length.png Graphic file (type png)
<use Results/A2C_MLP/eval_length.png>
Package luatex.def Info: Results/A2C_MLP/eval_length.png  used on input line 19
6.
(luatex.def)             Requested size: 441.01773pt x 140.94878pt.
<Results/A2C_MLP/eval_reward.png, id=411, 1139.75812pt x 362.85562pt>
File: Results/A2C_MLP/eval_reward.png Graphic file (type png)
<use Results/A2C_MLP/eval_reward.png>
Package luatex.def Info: Results/A2C_MLP/eval_reward.png  used on input line 20
3.
(luatex.def)             Requested size: 441.01773pt x 140.40024pt.


Package fancyhdr Warning: \headheight is too small (12.0pt): 
(fancyhdr)                Make it at least 13.59999pt, for example:
(fancyhdr)                \setlength{\headheight}{13.59999pt}.
(fancyhdr)                You might also make \topmargin smaller to compensate:

(fancyhdr)                \addtolength{\topmargin}{-1.59999pt}.

[16

<./Results/A2C_MLP/ep_length.png>]

Package fancyhdr Warning: \headheight is too small (12.0pt): 
(fancyhdr)                Make it at least 13.59999pt, for example:
(fancyhdr)                \setlength{\headheight}{13.59999pt}.
(fancyhdr)                You might also make \topmargin smaller to compensate:

(fancyhdr)                \addtolength{\topmargin}{-1.59999pt}.

[17<./Results/A2C_MLP/ep_reward.png><./Results/A2C_MLP/eval_length.png><./Result
s/A2C_MLP/eval_reward.png>]
<Results/A2CvPPO/colors.png, id=430, 287.57437pt x 303.38344pt>
File: Results/A2CvPPO/colors.png Graphic file (type png)
<use Results/A2CvPPO/colors.png>
Package luatex.def Info: Results/A2CvPPO/colors.png  used on input line 215.
(luatex.def)             Requested size: 176.40439pt x 186.1052pt.
<Results/A2CvPPO/ep_reward.png, id=431, 937.25156pt x 365.11406pt>
File: Results/A2CvPPO/ep_reward.png Graphic file (type png)
<use Results/A2CvPPO/ep_reward.png>
Package luatex.def Info: Results/A2CvPPO/ep_reward.png  used on input line 222.

(luatex.def)             Requested size: 441.01773pt x 171.80418pt.
<Results/A2CvPPO/eval_reward.png, id=432, 940.26282pt x 350.81062pt>
File: Results/A2CvPPO/eval_reward.png Graphic file (type png)
<use Results/A2CvPPO/eval_reward.png>
Package luatex.def Info: Results/A2CvPPO/eval_reward.png  used on input line 22
9.
(luatex.def)             Requested size: 441.01773pt x 164.54378pt.
)
The property list \polyglossia@langsetup contains the pairs (without outer
braces):
>  {latex/script}  =>  {latin}
>  {latex/lcscript}  =>  {latin}
>  {latex/scripttag}  =>  {}
>  {latex/language}  =>  {Latex}
>  {latex/langtag}  =>  {ENG}
>  {latex/bcp47}  =>  {}
>  {latex/hyphennames}  =>  {english}
>  {latex/direction}  =>  {LR}
>  {latex/hyphenmins}  =>  {2,3}
>  {latex/frenchspacing}  =>  {false}
>  {latex/indentfirst}  =>  {false}
>  {latex/fontsetup}  =>  {true}
>  {latex/envname}  =>  {latex}
>  {latex/babelname}  =>  {latex}
>  {latex/localnumeral}  =>  {polyglossia@C@localnumeral}
>  {latex/Localnumeral}  =>  {polyglossia@C@localnumeral}
>  {latex/DefineCommandsCmd}  =>  {use_none:n}
>  {greek/script}  =>  {Greek}
>  {greek/lcscript}  =>  {greek}
>  {greek/scripttag}  =>  {grek}
>  {greek/language}  =>  {Greek}
>  {greek/langtag}  =>  {ELL}
>  {greek/bcp47}  =>  {el-monoton}
>  {greek/hyphennames}  =>  {}
>  {greek/direction}  =>  {LR}
>  {greek/hyphenmins}  =>  {2,3}
>  {greek/frenchspacing}  =>  {true}
>  {greek/indentfirst}  =>  {true}
>  {greek/fontsetup}  =>  {true}
>  {greek/envname}  =>  {greek}
>  {greek/babelname}  =>  {greek}
>  {greek/localnumeral}  =>  {greeknumerals}
>  {greek/Localnumeral}  =>  {Greeknumerals}
>  {greek/DefineCommandsCmd}  =>  {xpg_define_language_commands:e}
>  {english/script}  =>  {latin}
>  {english/lcscript}  =>  {latin}
>  {english/scripttag}  =>  {}
>  {english/language}  =>  {English}
>  {english/langtag}  =>  {ENG}
>  {english/bcp47}  =>  {en-US}
>  {english/hyphennames}  =>  {english,american,usenglish,USenglish}
>  {english/direction}  =>  {LR}
>  {english/hyphenmins}  =>  {2,3}
>  {english/frenchspacing}  =>  {false}
>  {english/indentfirst}  =>  {false}
>  {english/fontsetup}  =>  {true}
>  {english/envname}  =>  {english}
>  {english/babelname}  =>  {american}
>  {english/localnumeral}  =>  {polyglossia@C@localnumeral}
>  {english/Localnumeral}  =>  {polyglossia@C@localnumeral}
>  {english/DefineCommandsCmd}  =>  {xpg_define_language_commands:e}.
The property list \__xpg_alias contains the pairs (without outer braces):
>  {latex/target}  =>  {latex}
>  {greek/target}  =>  {greek}
>  {grc/target}  =>  {greek}
>  {grc/variant}  =>  {ancient}
>  {grc/options}  =>  {variant=ancient}
>  {el-polyton/target}  =>  {greek}
>  {el-polyton/options}  =>  {varant=polytonic}
>  {el-monoton/target}  =>  {greek}
>  {el-monoton/variant}  =>  {monotonic}
>  {el-monoton/options}  =>  {variant=monotonic}
>  {el/target}  =>  {greek}
>  {polutonikogreek/target}  =>  {greek}
>  {polutonikogreek/variant}  =>  {polytonic}
>  {polutonikogreek/options}  =>  {variant=polytonic}
>  {english/target}  =>  {english}
>  {en/target}  =>  {english}
>  {en-AU/target}  =>  {english}
>  {en-AU/variant}  =>  {australian}
>  {en-AU/options}  =>  {variant=australian}
>  {en-CA/target}  =>  {english}
>  {en-CA/variant}  =>  {canadian}
>  {en-CA/options}  =>  {variant=canadian}
>  {en-GB/target}  =>  {english}
>  {en-GB/variant}  =>  {british}
>  {en-GB/options}  =>  {variant=british}
>  {en-NZ/target}  =>  {english}
>  {en-NZ/variant}  =>  {newzealand}
>  {en-NZ/options}  =>  {variant=newzealand}
>  {en-US/target}  =>  {english}
>  {en-US/variant}  =>  {us}
>  {en-US/options}  =>  {variant=us}
>  {american/target}  =>  {english}
>  {american/variant}  =>  {us}
>  {american/options}  =>  {variant=us}
>  {australian/target}  =>  {english}
>  {australian/variant}  =>  {australian}
>  {australian/options}  =>  {variant=australian}
>  {british/target}  =>  {english}
>  {british/variant}  =>  {british}
>  {british/options}  =>  {variant=british}
>  {canadian/target}  =>  {english}
>  {canadian/variant}  =>  {canadian}
>  {canadian/options}  =>  {variant=canadian}
>  {newzealand/target}  =>  {english}
>  {newzealand/variant}  =>  {newzealand}
>  {newzealand/options}  =>  {variant=newzealand}.


Package fancyhdr Warning: \headheight is too small (12.0pt): 
(fancyhdr)                Make it at least 13.59999pt, for example:
(fancyhdr)                \setlength{\headheight}{13.59999pt}.
(fancyhdr)                You might also make \topmargin smaller to compensate:

(fancyhdr)                \addtolength{\topmargin}{-1.59999pt}.

[18

<./Results/A2CvPPO/colors.png><./Results/A2CvPPO/ep_reward.png>]

Package fancyhdr Warning: \headheight is too small (12.0pt): 
(fancyhdr)                Make it at least 13.59999pt, for example:
(fancyhdr)                \setlength{\headheight}{13.59999pt}.
(fancyhdr)                You might also make \topmargin smaller to compensate:

(fancyhdr)                \addtolength{\topmargin}{-1.59999pt}.

[19<./Results/A2CvPPO/eval_reward.png>] (./document.aux (./cover1.aux)))

Here is how much of LuaTeX's memory you used:
 24799 strings out of 478285
 244275,1977958 words of node,token memory allocated
 537 words of node memory still in use:
   7 hlist, 2 vlist, 2 rule, 2 glue, 4 kern, 1 glyph, 7 attribute, 60 glue_spec,
 7 attribute_list, 1 write nodes
   avail lists: 1:3,2:3055,3:310,4:96,5:6076,6:110,7:10088,8:4,9:12424,10:22,11:
676
 43825 multiletter control sequences out of 65536+600000
 54 fonts using 14763575 bytes
 72i,12n,115p,2009b,1034s stack positions out of 10000i,1000n,20000p,200000b,200000s
</usr/share/texmf-dist/fonts/opentype/public/lm-math/latinmodern-math.otf></usr/
share/texmf-dist/fonts/opentype/public/lm-math/latinmodern-math.otf></usr/share/
texmf-dist/fonts/opentype/google/roboto/Roboto-Italic.otf></usr/share/texmf-dist
/fonts/opentype/google/roboto/Roboto-Bold.otf></usr/share/texmf-dist/fonts/opent
ype/google/roboto/Roboto-Regular.otf></usr/share/texmf-dist/fonts/type1/public/a
msfonts/cm/cmtt10.pfb>
Output written on document.pdf (21 pages, 839934 bytes).

PDF statistics: 526 PDF objects out of 1000 (max. 8388607)
 439 compressed objects within 5 object streams
 224 named destinations out of 1000 (max. 131072)
 81 words of extra memory for PDF output out of 10000 (max. 100000000)

